c:\users\admin\onedrive\desktop\cpp\mfcdriverapplication\debug\vc142.pdb
c:\users\admin\onedrive\desktop\cpp\mfcdriverapplication\debug\vc142.idb
c:\users\admin\onedrive\desktop\cpp\mfcdriverapplication\debug\mfcdriverapplicationdlg.obj
c:\users\admin\onedrive\desktop\cpp\mfcdriverapplication\debug\cpassworddlg.obj
c:\users\admin\onedrive\desktop\cpp\mfcdriverapplication\debug\mfcdriverapplication.pch
c:\users\admin\onedrive\desktop\cpp\mfcdriverapplication\debug\pch.obj
c:\users\admin\onedrive\desktop\cpp\mfcdriverapplication\debug\mfcdriverapplication.obj
c:\users\admin\onedrive\desktop\cpp\mfcdriverapplication\debug\mfcdriverapplication.exe
c:\users\admin\onedrive\desktop\cpp\mfcdriverapplication\debug\mfcdriverapplication.ilk
c:\users\admin\onedrive\desktop\cpp\mfcdriverapplication\debug\mfcdriverapplication.pdb
c:\users\admin\onedrive\desktop\cpp\mfcdriverapplication\debug\mfcdriverapplication.res
c:\users\admin\onedrive\desktop\cpp\mfcdriverapplication\debug\cpassworddlg.obj.enc
c:\users\admin\onedrive\desktop\cpp\mfcdriverapplication\debug\mfcdrive.40353f8b.tlog\cl.command.1.tlog
c:\users\admin\onedrive\desktop\cpp\mfcdriverapplication\debug\mfcdrive.40353f8b.tlog\cl.read.1.tlog
c:\users\admin\onedrive\desktop\cpp\mfcdriverapplication\debug\mfcdrive.40353f8b.tlog\cl.write.1.tlog
c:\users\admin\onedrive\desktop\cpp\mfcdriverapplication\debug\mfcdrive.40353f8b.tlog\link.command.1.tlog
c:\users\admin\onedrive\desktop\cpp\mfcdriverapplication\debug\mfcdrive.40353f8b.tlog\link.read.1.tlog
c:\users\admin\onedrive\desktop\cpp\mfcdriverapplication\debug\mfcdrive.40353f8b.tlog\link.write.1.tlog
c:\users\admin\onedrive\desktop\cpp\mfcdriverapplication\debug\mfcdrive.40353f8b.tlog\rc.command.1.tlog
c:\users\admin\onedrive\desktop\cpp\mfcdriverapplication\debug\mfcdrive.40353f8b.tlog\rc.read.1.tlog
c:\users\admin\onedrive\desktop\cpp\mfcdriverapplication\debug\mfcdrive.40353f8b.tlog\rc.write.1.tlog
